<?xml version="1.0" encoding="UTF-8"?>
<testsuite xmlns:xsi="http://www.w3.org/2001/XMLSchema-instance" xsi:noNamespaceSchemaLocation="https://maven.apache.org/surefire/maven-surefire-plugin/xsd/surefire-test-report-3.0.xsd" version="3.0" name="org.flexe.hospital.HospitalApplicationTests" time="9.679" tests="1" errors="0" skipped="0" failures="0">
  <properties>
[...]
</properties>
  <testcase name="contextLoads" classname="org.flexe.hospital.HospitalApplicationTests" time="0.568">
    <system-out><![CDATA[18:43:17.015 [main] INFO org.springframework.test.context.support.AnnotationConfigContextLoaderUtils -- Could not detect default configuration classes for test class [org.flexe.hospital.HospitalApplicationTests]: HospitalApplicationTests does not declare any static, non-private, non-final, nested classes annotated with @Configuration.
18:43:17.153 [main] INFO org.springframework.boot.test.context.SpringBootTestContextBootstrapper -- Found @SpringBootConfiguration org.flexe.HospitalApplication for test class org.flexe.hospital.HospitalApplicationTests
18:43:17.386 [main] INFO org.springframework.boot.devtools.restart.RestartApplicationListener -- Restart disabled due to context in which it is running

  .   ____          _            __ _ _
 /\\ / ___'_ __ _ _(_)_ __  __ _ \ \ \ \
( ( )\___ | '_ | '_| | '_ \/ _` | \ \ \ \
 \\/  ___)| |_)| | | | | || (_| |  ) ) ) )
  '  |____| .__|_| |_|_| |_\__, | / / / /
 =========|_|==============|___/=/_/_/_/

 :: Spring Boot ::                (v3.3.1)

2025-04-12T18:43:17.737+02:00  INFO 31956 --- [hospital-app] [           main] o.f.hospital.HospitalApplicationTests    : Starting HospitalApplicationTests using Java 17.0.5 with PID 31956 (started by Flexe in C:\ProgsJava\hospital)
2025-04-12T18:43:17.739+02:00  INFO 31956 --- [hospital-app] [           main] o.f.hospital.HospitalApplicationTests    : No active profile set, falling back to 1 default profile: "default"
2025-04-12T18:43:19.191+02:00  INFO 31956 --- [hospital-app] [           main] .s.d.r.c.RepositoryConfigurationDelegate : Multiple Spring Data modules found, entering strict repository configuration mode
2025-04-12T18:43:19.193+02:00  INFO 31956 --- [hospital-app] [           main] .s.d.r.c.RepositoryConfigurationDelegate : Bootstrapping Spring Data JDBC repositories in DEFAULT mode.
2025-04-12T18:43:19.235+02:00  INFO 31956 --- [hospital-app] [           main] .RepositoryConfigurationExtensionSupport : Spring Data JDBC - Could not safely identify store assignment for repository candidate interface org.flexe.repositories.AddressRepository; If you want this repository to be a JDBC repository, consider annotating your entities with one of these annotations: org.springframework.data.relational.core.mapping.Table.
2025-04-12T18:43:19.237+02:00  INFO 31956 --- [hospital-app] [           main] .RepositoryConfigurationExtensionSupport : Spring Data JDBC - Could not safely identify store assignment for repository candidate interface org.flexe.repositories.ConsultationRepository; If you want this repository to be a JDBC repository, consider annotating your entities with one of these annotations: org.springframework.data.relational.core.mapping.Table.
2025-04-12T18:43:19.239+02:00  INFO 31956 --- [hospital-app] [           main] .RepositoryConfigurationExtensionSupport : Spring Data JDBC - Could not safely identify store assignment for repository candidate interface org.flexe.repositories.DoctorRepository; If you want this repository to be a JDBC repository, consider annotating your entities with one of these annotations: org.springframework.data.relational.core.mapping.Table.
2025-04-12T18:43:19.241+02:00  INFO 31956 --- [hospital-app] [           main] .RepositoryConfigurationExtensionSupport : Spring Data JDBC - Could not safely identify store assignment for repository candidate interface org.flexe.repositories.PatientRepository; If you want this repository to be a JDBC repository, consider annotating your entities with one of these annotations: org.springframework.data.relational.core.mapping.Table.
2025-04-12T18:43:19.243+02:00  INFO 31956 --- [hospital-app] [           main] .RepositoryConfigurationExtensionSupport : Spring Data JDBC - Could not safely identify store assignment for repository candidate interface org.flexe.repositories.RoleRepository; If you want this repository to be a JDBC repository, consider annotating your entities with one of these annotations: org.springframework.data.relational.core.mapping.Table.
2025-04-12T18:43:19.245+02:00  INFO 31956 --- [hospital-app] [           main] .RepositoryConfigurationExtensionSupport : Spring Data JDBC - Could not safely identify store assignment for repository candidate interface org.flexe.repositories.TerminRepository; If you want this repository to be a JDBC repository, consider annotating your entities with one of these annotations: org.springframework.data.relational.core.mapping.Table.
2025-04-12T18:43:19.246+02:00  INFO 31956 --- [hospital-app] [           main] .s.d.r.c.RepositoryConfigurationDelegate : Finished Spring Data repository scanning in 47 ms. Found 0 JDBC repository interfaces.
2025-04-12T18:43:19.261+02:00  INFO 31956 --- [hospital-app] [           main] .s.d.r.c.RepositoryConfigurationDelegate : Multiple Spring Data modules found, entering strict repository configuration mode
2025-04-12T18:43:19.263+02:00  INFO 31956 --- [hospital-app] [           main] .s.d.r.c.RepositoryConfigurationDelegate : Bootstrapping Spring Data JPA repositories in DEFAULT mode.
2025-04-12T18:43:19.315+02:00  INFO 31956 --- [hospital-app] [           main] .s.d.r.c.RepositoryConfigurationDelegate : Finished Spring Data repository scanning in 47 ms. Found 6 JPA repository interfaces.
2025-04-12T18:43:20.323+02:00  INFO 31956 --- [hospital-app] [           main] o.hibernate.jpa.internal.util.LogHelper  : HHH000204: Processing PersistenceUnitInfo [name: default]
2025-04-12T18:43:20.441+02:00  INFO 31956 --- [hospital-app] [           main] org.hibernate.Version                    : HHH000412: Hibernate ORM core version 6.5.2.Final
2025-04-12T18:43:20.506+02:00  INFO 31956 --- [hospital-app] [           main] o.h.c.internal.RegionFactoryInitiator    : HHH000026: Second-level cache disabled
2025-04-12T18:43:21.023+02:00  INFO 31956 --- [hospital-app] [           main] o.s.o.j.p.SpringPersistenceUnitInfo      : No LoadTimeWeaver setup: ignoring JPA class transformer
2025-04-12T18:43:21.066+02:00  INFO 31956 --- [hospital-app] [           main] com.zaxxer.hikari.HikariDataSource       : HikariPool-1 - Starting...
2025-04-12T18:43:21.273+02:00  INFO 31956 --- [hospital-app] [           main] com.zaxxer.hikari.pool.HikariPool        : HikariPool-1 - Added connection org.postgresql.jdbc.PgConnection@727956bb
2025-04-12T18:43:21.277+02:00  INFO 31956 --- [hospital-app] [           main] com.zaxxer.hikari.HikariDataSource       : HikariPool-1 - Start completed.
2025-04-12T18:43:21.318+02:00  WARN 31956 --- [hospital-app] [           main] org.hibernate.orm.deprecation            : HHH90000025: PostgreSQLDialect does not need to be specified explicitly using 'hibernate.dialect' (remove the property setting and it will be selected by default)
2025-04-12T18:43:22.609+02:00  INFO 31956 --- [hospital-app] [           main] o.h.e.t.j.p.i.JtaPlatformInitiator       : HHH000489: No JTA platform available (set 'hibernate.transaction.jta.platform' to enable JTA platform integration)
Hibernate: create table address (id uuid not null, haus_nummer varchar(255), ort varchar(255), plz integer, strasse varchar(255), primary key (id))
Hibernate: create table consultation (id_consultation uuid not null, consultation_date timestamp(6), consultation_report varchar(255), termin_id uuid, primary key (id_consultation))
Hibernate: create table doctor (id uuid not null, birthday timestamp(6), email varchar(255), name varchar(255), password varchar(255), phone varchar(255), speciality varchar(255), username varchar(255), address_id uuid, primary key (id))
Hibernate: create table doctor_roles (roles_id bigint not null, doctors_id uuid not null)
Hibernate: create table patient (id_patient uuid not null, birthday date, email varchar(255), is_sick boolean not null, name varchar(255), phone varchar(255), address_id uuid, primary key (id_patient))
Hibernate: create table roles (id bigint generated by default as identity, description varchar(255), role_name varchar(255), primary key (id))
Hibernate: create table termin (id uuid not null, status varchar(255) check (status in ('CANCELED','PENDING','DONE')), termin_hour timestamp(6), doctor_id uuid, patient_id_patient uuid, primary key (id))
Hibernate: alter table if exists consultation drop constraint if exists UKn3xs581k1oufs0w2ex1qpxi7t
2025-04-12T18:43:22.716+02:00  WARN 31956 --- [hospital-app] [           main] o.h.engine.jdbc.spi.SqlExceptionHelper   : SQL Warning Code: 0, SQLState: 00000
2025-04-12T18:43:22.716+02:00  WARN 31956 --- [hospital-app] [           main] o.h.engine.jdbc.spi.SqlExceptionHelper   : constraint "ukn3xs581k1oufs0w2ex1qpxi7t" of relation "consultation" does not exist, skipping
Hibernate: alter table if exists consultation add constraint UKn3xs581k1oufs0w2ex1qpxi7t unique (termin_id)
Hibernate: alter table if exists doctor drop constraint if exists UKctspax8ladjoxfko6qkhxwmpb
2025-04-12T18:43:22.723+02:00  WARN 31956 --- [hospital-app] [           main] o.h.engine.jdbc.spi.SqlExceptionHelper   : SQL Warning Code: 0, SQLState: 00000
2025-04-12T18:43:22.723+02:00  WARN 31956 --- [hospital-app] [           main] o.h.engine.jdbc.spi.SqlExceptionHelper   : constraint "ukctspax8ladjoxfko6qkhxwmpb" of relation "doctor" does not exist, skipping
Hibernate: alter table if exists doctor add constraint UKctspax8ladjoxfko6qkhxwmpb unique (username)
Hibernate: alter table if exists doctor drop constraint if exists UK7abfcjvues65x7ml413gjf1ob
2025-04-12T18:43:22.729+02:00  WARN 31956 --- [hospital-app] [           main] o.h.engine.jdbc.spi.SqlExceptionHelper   : SQL Warning Code: 0, SQLState: 00000
2025-04-12T18:43:22.729+02:00  WARN 31956 --- [hospital-app] [           main] o.h.engine.jdbc.spi.SqlExceptionHelper   : constraint "uk7abfcjvues65x7ml413gjf1ob" of relation "doctor" does not exist, skipping
Hibernate: alter table if exists doctor add constraint UK7abfcjvues65x7ml413gjf1ob unique (address_id)
Hibernate: alter table if exists patient drop constraint if exists UKbawli8xm92f30ei6x9p3h8eju
2025-04-12T18:43:22.735+02:00  WARN 31956 --- [hospital-app] [           main] o.h.engine.jdbc.spi.SqlExceptionHelper   : SQL Warning Code: 0, SQLState: 00000
2025-04-12T18:43:22.735+02:00  WARN 31956 --- [hospital-app] [           main] o.h.engine.jdbc.spi.SqlExceptionHelper   : constraint "ukbawli8xm92f30ei6x9p3h8eju" of relation "patient" does not exist, skipping
Hibernate: alter table if exists patient add constraint UKbawli8xm92f30ei6x9p3h8eju unique (email)
Hibernate: alter table if exists patient drop constraint if exists UKj8b4al0gjt5lj9f979r2sf9kf
2025-04-12T18:43:22.742+02:00  WARN 31956 --- [hospital-app] [           main] o.h.engine.jdbc.spi.SqlExceptionHelper   : SQL Warning Code: 0, SQLState: 00000
2025-04-12T18:43:22.742+02:00  WARN 31956 --- [hospital-app] [           main] o.h.engine.jdbc.spi.SqlExceptionHelper   : constraint "ukj8b4al0gjt5lj9f979r2sf9kf" of relation "patient" does not exist, skipping
Hibernate: alter table if exists patient add constraint UKj8b4al0gjt5lj9f979r2sf9kf unique (address_id)
Hibernate: alter table if exists roles drop constraint if exists UK716hgxp60ym1lifrdgp67xt5k
2025-04-12T18:43:22.748+02:00  WARN 31956 --- [hospital-app] [           main] o.h.engine.jdbc.spi.SqlExceptionHelper   : SQL Warning Code: 0, SQLState: 00000
2025-04-12T18:43:22.749+02:00  WARN 31956 --- [hospital-app] [           main] o.h.engine.jdbc.spi.SqlExceptionHelper   : constraint "uk716hgxp60ym1lifrdgp67xt5k" of relation "roles" does not exist, skipping
Hibernate: alter table if exists roles add constraint UK716hgxp60ym1lifrdgp67xt5k unique (role_name)
Hibernate: alter table if exists consultation add constraint FKewknrrms4060j1ecp2u5jkg1 foreign key (termin_id) references termin
Hibernate: alter table if exists doctor add constraint FK55wcpoxucujk1vqonmjuljb2y foreign key (address_id) references address
Hibernate: alter table if exists doctor_roles add constraint FKkej94wkeurekwjppxgu47p4f6 foreign key (doctors_id) references doctor
Hibernate: alter table if exists doctor_roles add constraint FKrgval7j3rpi3ix817da1ob35d foreign key (roles_id) references roles
Hibernate: alter table if exists patient add constraint FKlpwpmtdbdvnxm8fxlxpq2fugh foreign key (address_id) references address
Hibernate: alter table if exists termin add constraint FK42xn4l1mojavlxs1ha60pygl7 foreign key (doctor_id) references doctor
Hibernate: alter table if exists termin add constraint FKhuf9iwx7hi1a5ci3k5fnosb73 foreign key (patient_id_patient) references patient
2025-04-12T18:43:22.791+02:00  INFO 31956 --- [hospital-app] [           main] j.LocalContainerEntityManagerFactoryBean : Initialized JPA EntityManagerFactory for persistence unit 'default'
2025-04-12T18:43:23.402+02:00  INFO 31956 --- [hospital-app] [           main] o.s.d.j.r.query.QueryEnhancerFactory     : Hibernate is in classpath; If applicable, HQL parser will be used.
2025-04-12T18:43:24.281+02:00  WARN 31956 --- [hospital-app] [           main] JpaBaseConfiguration$JpaWebConfiguration : spring.jpa.open-in-view is enabled by default. Therefore, database queries may be performed during view rendering. Explicitly configure spring.jpa.open-in-view to disable this warning
2025-04-12T18:43:25.712+02:00  INFO 31956 --- [hospital-app] [           main] o.s.b.a.e.web.EndpointLinksResolver      : Exposing 1 endpoint beneath base path '/actuator'
2025-04-12T18:43:25.822+02:00  INFO 31956 --- [hospital-app] [           main] o.f.hospital.HospitalApplicationTests    : Started HospitalApplicationTests in 8.455 seconds (process running for 9.74)
]]></system-out>
  </testcase>
</testsuite>